[ 2016-12-29T20:01:31+08:00 ] 112.229.237.93 /index.php/Admin/Message/update
INFO: [ app_begin ] --START--
INFO: Run Behavior\ReadHtmlCacheBehavior [ RunTime:0.000037s ]
INFO: [ app_begin ] --END-- [ RunTime:0.000124s ]
SQL: SHOW COLUMNS FROM `liuyan_pro` [ RunTime:0.0010s ]
NOTIC: [8] Undefined variable: pro_id /alidata/www/tp/zhaochuangtong/Admin/Controller/MessageController.class.php 第 32 行.
ERR: 1064:You have an error in your SQL syntax; check the manual that corresponds to your MySQL server version for the right syntax to use near ')' at line 1
 [ SQL语句 ] : UPDATE `liuyan_pro` SET `liu_read`='1' WHERE ( liu_projid= )
ERR: 1064:You have an error in your SQL syntax; check the manual that corresponds to your MySQL server version for the right syntax to use near ')' at line 1
 [ SQL语句 ] : UPDATE `liuyan_pro` SET `liu_read`='1' WHERE ( liu_projid= )

[ 2016-12-29T20:01:33+08:00 ] 112.229.237.93 /index.php/Admin/Message/update
INFO: [ app_begin ] --START--
INFO: Run Behavior\ReadHtmlCacheBehavior [ RunTime:0.000027s ]
INFO: [ app_begin ] --END-- [ RunTime:0.000074s ]
SQL: SHOW COLUMNS FROM `liuyan_pro` [ RunTime:0.0030s ]
NOTIC: [8] Undefined variable: pro_id /alidata/www/tp/zhaochuangtong/Admin/Controller/MessageController.class.php 第 32 行.
ERR: 1064:You have an error in your SQL syntax; check the manual that corresponds to your MySQL server version for the right syntax to use near ')' at line 1
 [ SQL语句 ] : UPDATE `liuyan_pro` SET `liu_read`='1' WHERE ( liu_projid= )
ERR: 1064:You have an error in your SQL syntax; check the manual that corresponds to your MySQL server version for the right syntax to use near ')' at line 1
 [ SQL语句 ] : UPDATE `liuyan_pro` SET `liu_read`='1' WHERE ( liu_projid= )

[ 2016-12-29T20:01:33+08:00 ] 112.229.237.93 /index.php/Admin/Message/update
INFO: [ app_begin ] --START--
INFO: Run Behavior\ReadHtmlCacheBehavior [ RunTime:0.000027s ]
INFO: [ app_begin ] --END-- [ RunTime:0.000073s ]
SQL: SHOW COLUMNS FROM `liuyan_pro` [ RunTime:0.0008s ]
NOTIC: [8] Undefined variable: pro_id /alidata/www/tp/zhaochuangtong/Admin/Controller/MessageController.class.php 第 32 行.
ERR: 1064:You have an error in your SQL syntax; check the manual that corresponds to your MySQL server version for the right syntax to use near ')' at line 1
 [ SQL语句 ] : UPDATE `liuyan_pro` SET `liu_read`='1' WHERE ( liu_projid= )
ERR: 1064:You have an error in your SQL syntax; check the manual that corresponds to your MySQL server version for the right syntax to use near ')' at line 1
 [ SQL语句 ] : UPDATE `liuyan_pro` SET `liu_read`='1' WHERE ( liu_projid= )

[ 2016-12-29T20:01:34+08:00 ] 112.229.237.93 /index.php/Admin/Message/update
INFO: [ app_begin ] --START--
INFO: Run Behavior\ReadHtmlCacheBehavior [ RunTime:0.000052s ]
INFO: [ app_begin ] --END-- [ RunTime:0.000158s ]
SQL: SHOW COLUMNS FROM `liuyan_pro` [ RunTime:0.0008s ]
NOTIC: [8] Undefined variable: pro_id /alidata/www/tp/zhaochuangtong/Admin/Controller/MessageController.class.php 第 32 行.
ERR: 1064:You have an error in your SQL syntax; check the manual that corresponds to your MySQL server version for the right syntax to use near ')' at line 1
 [ SQL语句 ] : UPDATE `liuyan_pro` SET `liu_read`='1' WHERE ( liu_projid= )
ERR: 1064:You have an error in your SQL syntax; check the manual that corresponds to your MySQL server version for the right syntax to use near ')' at line 1
 [ SQL语句 ] : UPDATE `liuyan_pro` SET `liu_read`='1' WHERE ( liu_projid= )

[ 2016-12-29T20:01:35+08:00 ] 112.229.237.93 /index.php/Admin/Message/update
INFO: [ app_begin ] --START--
INFO: Run Behavior\ReadHtmlCacheBehavior [ RunTime:0.000027s ]
INFO: [ app_begin ] --END-- [ RunTime:0.000076s ]
SQL: SHOW COLUMNS FROM `liuyan_pro` [ RunTime:0.0009s ]
NOTIC: [8] Undefined variable: pro_id /alidata/www/tp/zhaochuangtong/Admin/Controller/MessageController.class.php 第 32 行.
ERR: 1064:You have an error in your SQL syntax; check the manual that corresponds to your MySQL server version for the right syntax to use near ')' at line 1
 [ SQL语句 ] : UPDATE `liuyan_pro` SET `liu_read`='1' WHERE ( liu_projid= )
ERR: 1064:You have an error in your SQL syntax; check the manual that corresponds to your MySQL server version for the right syntax to use near ')' at line 1
 [ SQL语句 ] : UPDATE `liuyan_pro` SET `liu_read`='1' WHERE ( liu_projid= )

[ 2016-12-29T20:01:36+08:00 ] 112.229.237.93 /index.php/Admin/Message/update
INFO: [ app_begin ] --START--
INFO: Run Behavior\ReadHtmlCacheBehavior [ RunTime:0.000027s ]
INFO: [ app_begin ] --END-- [ RunTime:0.000075s ]
SQL: SHOW COLUMNS FROM `liuyan_pro` [ RunTime:0.0008s ]
NOTIC: [8] Undefined variable: pro_id /alidata/www/tp/zhaochuangtong/Admin/Controller/MessageController.class.php 第 32 行.
ERR: 1064:You have an error in your SQL syntax; check the manual that corresponds to your MySQL server version for the right syntax to use near ')' at line 1
 [ SQL语句 ] : UPDATE `liuyan_pro` SET `liu_read`='1' WHERE ( liu_projid= )
ERR: 1064:You have an error in your SQL syntax; check the manual that corresponds to your MySQL server version for the right syntax to use near ')' at line 1
 [ SQL语句 ] : UPDATE `liuyan_pro` SET `liu_read`='1' WHERE ( liu_projid= )

[ 2016-12-29T20:09:01+08:00 ] 112.229.237.93 /index.php/Admin/Message/update
INFO: [ app_begin ] --START--
INFO: Run Behavior\ReadHtmlCacheBehavior [ RunTime:0.000032s ]
INFO: [ app_begin ] --END-- [ RunTime:0.000085s ]
SQL: SHOW COLUMNS FROM `liuyan_pro` [ RunTime:0.0009s ]
NOTIC: [8] Undefined variable: pro_id /alidata/www/tp/zhaochuangtong/Admin/Controller/MessageController.class.php 第 32 行.
ERR: 1064:You have an error in your SQL syntax; check the manual that corresponds to your MySQL server version for the right syntax to use near ')' at line 1
 [ SQL语句 ] : UPDATE `liuyan_pro` SET `liu_read`='1' WHERE ( liu_projid= )
ERR: 1064:You have an error in your SQL syntax; check the manual that corresponds to your MySQL server version for the right syntax to use near ')' at line 1
 [ SQL语句 ] : UPDATE `liuyan_pro` SET `liu_read`='1' WHERE ( liu_projid= )

[ 2016-12-29T20:09:13+08:00 ] 112.229.237.93 /index.php/Admin/Message/update
INFO: [ app_begin ] --START--
INFO: Run Behavior\ReadHtmlCacheBehavior [ RunTime:0.000047s ]
INFO: [ app_begin ] --END-- [ RunTime:0.000112s ]
SQL: SHOW COLUMNS FROM `liuyan_pro` [ RunTime:0.0008s ]
NOTIC: [8] Undefined variable: pro_id /alidata/www/tp/zhaochuangtong/Admin/Controller/MessageController.class.php 第 32 行.
ERR: 1064:You have an error in your SQL syntax; check the manual that corresponds to your MySQL server version for the right syntax to use near ')' at line 1
 [ SQL语句 ] : UPDATE `liuyan_pro` SET `liu_read`='1' WHERE ( liu_projid= )
ERR: 1064:You have an error in your SQL syntax; check the manual that corresponds to your MySQL server version for the right syntax to use near ')' at line 1
 [ SQL语句 ] : UPDATE `liuyan_pro` SET `liu_read`='1' WHERE ( liu_projid= )

[ 2016-12-29T20:09:14+08:00 ] 112.229.237.93 /index.php/Admin/Message/update
INFO: [ app_begin ] --START--
INFO: Run Behavior\ReadHtmlCacheBehavior [ RunTime:0.000027s ]
INFO: [ app_begin ] --END-- [ RunTime:0.000074s ]
SQL: SHOW COLUMNS FROM `liuyan_pro` [ RunTime:0.0008s ]
NOTIC: [8] Undefined variable: pro_id /alidata/www/tp/zhaochuangtong/Admin/Controller/MessageController.class.php 第 32 行.
ERR: 1064:You have an error in your SQL syntax; check the manual that corresponds to your MySQL server version for the right syntax to use near ')' at line 1
 [ SQL语句 ] : UPDATE `liuyan_pro` SET `liu_read`='1' WHERE ( liu_projid= )
ERR: 1064:You have an error in your SQL syntax; check the manual that corresponds to your MySQL server version for the right syntax to use near ')' at line 1
 [ SQL语句 ] : UPDATE `liuyan_pro` SET `liu_read`='1' WHERE ( liu_projid= )

[ 2016-12-29T22:57:32+08:00 ] 121.42.210.61 /admin
ERR: 无法加载控制器:Index

